<?xml version="1.0" encoding="UTF-8"?>
<!-- Generated by org.testng.reporters.JUnitXMLReporter -->
<testsuite ignored="1" hostname="LAPTOP-P71QF4A9" failures="0" tests="7" name="Default test" time="9.036" errors="0" timestamp="13 Nov 2021 05:26:57 GMT">
  <testcase classname="com.practice.testCase.TC_01" name="validateRadioButtonStatus" time="0.36"/>
  <testcase classname="com.practice.testCase.TC_01" name="validateCheckBox" time="0.269"/>
  <testcase classname="com.practice.testCase.TC_01" name="validateHeader" time="0.027"/>
  <testcase classname="com.practice.testCase.TC_01" name="validateRadioButton" time="0.198"/>
  <testcase classname="com.practice.testCase.TC_01" name="validateRadioFieldset" time="0.027"/>
  <testcase classname="com.practice.testCase.TC_01" name="validateStaticDropdown" time="0.182"/>
  <testcase classname="com.practice.testCase.TC_01" name="validateTitle" time="0.007"/>
  <testcase classname="com.practice.testCase.TC_01" name="validateDropdown" time="0.0">
    <ignored/>
  </testcase> <!-- validateDropdown -->
</testsuite> <!-- Default test -->
