<?xml version="1.0" encoding="UTF-8"?>
<!-- Generated by org.testng.reporters.JUnitXMLReporter -->
<testsuite ignored="1" hostname="LAPTOP-P71QF4A9" failures="0" tests="10" name="Test2" time="58.799" errors="0" timestamp="13 Nov 2021 05:38:51 GMT">
  <testcase classname="com.practice.testCase.TC_01" name="validateRadioButtonStatus" time="1.478"/>
  <testcase classname="com.practice.testCase.TC_02" name="validateAlert" time="2.616"/>
  <testcase classname="com.practice.testCase.TC_02" name="validateTab" time="9.325"/>
  <testcase classname="com.practice.testCase.TC_02" name="validateWindow" time="7.695"/>
  <testcase classname="com.practice.testCase.TC_01" name="validateCheckBox" time="0.535"/>
  <testcase classname="com.practice.testCase.TC_01" name="validateHeader" time="0.055"/>
  <testcase classname="com.practice.testCase.TC_01" name="validateRadioButton" time="0.474"/>
  <testcase classname="com.practice.testCase.TC_01" name="validateRadioFieldset" time="0.084"/>
  <testcase classname="com.practice.testCase.TC_01" name="validateStaticDropdown" time="0.431"/>
  <testcase classname="com.practice.testCase.TC_01" name="validateTitle" time="0.017"/>
  <testcase classname="com.practice.testCase.TC_01" name="validateDropdown" time="0.0">
    <ignored/>
  </testcase> <!-- validateDropdown -->
</testsuite> <!-- Test2 -->
