<?xml version="1.0" encoding="UTF-8"?>
<!-- Generated by org.testng.reporters.JUnitXMLReporter -->
<testsuite ignored="1" hostname="LAPTOP-P71QF4A9" failures="0" tests="10" name="Test1" time="58.834" errors="0" timestamp="13 Nov 2021 05:38:51 GMT">
  <testcase classname="com.practice.testCase.TC_01" name="validateRadioButtonStatus" time="0.459"/>
  <testcase classname="com.practice.testCase.TC_02" name="validateAlert" time="2.512"/>
  <testcase classname="com.practice.testCase.TC_02" name="validateTab" time="10.362"/>
  <testcase classname="com.practice.testCase.TC_02" name="validateWindow" time="8.05"/>
  <testcase classname="com.practice.testCase.TC_01" name="validateCheckBox" time="0.556"/>
  <testcase classname="com.practice.testCase.TC_01" name="validateHeader" time="0.054"/>
  <testcase classname="com.practice.testCase.TC_01" name="validateRadioButton" time="0.478"/>
  <testcase classname="com.practice.testCase.TC_01" name="validateRadioFieldset" time="0.085"/>
  <testcase classname="com.practice.testCase.TC_01" name="validateStaticDropdown" time="0.443"/>
  <testcase classname="com.practice.testCase.TC_01" name="validateTitle" time="0.018"/>
  <testcase classname="com.practice.testCase.TC_01" name="validateDropdown" time="0.0">
    <ignored/>
  </testcase> <!-- validateDropdown -->
</testsuite> <!-- Test1 -->
