<?xml version="1.0" encoding="UTF-8"?>
<!-- Generated by org.testng.reporters.JUnitXMLReporter -->
<testsuite ignored="1" hostname="LAPTOP-P71QF4A9" failures="0" tests="10" name="Test4" time="60.712" errors="0" timestamp="13 Nov 2021 05:38:53 GMT">
  <testcase classname="com.practice.testCase.TC_01" name="validateRadioButtonStatus" time="0.979"/>
  <testcase classname="com.practice.testCase.TC_02" name="validateAlert" time="2.742"/>
  <testcase classname="com.practice.testCase.TC_02" name="validateTab" time="9.437"/>
  <testcase classname="com.practice.testCase.TC_02" name="validateWindow" time="6.978"/>
  <testcase classname="com.practice.testCase.TC_01" name="validateCheckBox" time="0.216"/>
  <testcase classname="com.practice.testCase.TC_01" name="validateHeader" time="0.029"/>
  <testcase classname="com.practice.testCase.TC_01" name="validateRadioButton" time="0.198"/>
  <testcase classname="com.practice.testCase.TC_01" name="validateRadioFieldset" time="0.051"/>
  <testcase classname="com.practice.testCase.TC_01" name="validateStaticDropdown" time="0.201"/>
  <testcase classname="com.practice.testCase.TC_01" name="validateTitle" time="0.007"/>
  <testcase classname="com.practice.testCase.TC_01" name="validateDropdown" time="0.0">
    <ignored/>
  </testcase> <!-- validateDropdown -->
</testsuite> <!-- Test4 -->
