<?xml version="1.0" encoding="UTF-8"?>
<!-- Generated by org.testng.reporters.JUnitXMLReporter -->
<testsuite ignored="1" hostname="LAPTOP-P71QF4A9" failures="0" tests="7" name="Test02" time="9.405" errors="0" timestamp="13 Nov 2021 05:13:50 GMT">
  <testcase classname="com.practice.testCase.TC_01" name="validateRadioButtonStatus" time="0.333"/>
  <testcase classname="com.practice.testCase.TC_01" name="validateCheckBox" time="0.281"/>
  <testcase classname="com.practice.testCase.TC_01" name="validateHeader" time="0.039"/>
  <testcase classname="com.practice.testCase.TC_01" name="validateRadioButton" time="0.232"/>
  <testcase classname="com.practice.testCase.TC_01" name="validateRadioFieldset" time="0.033"/>
  <testcase classname="com.practice.testCase.TC_01" name="validateStaticDropdown" time="0.219"/>
  <testcase classname="com.practice.testCase.TC_01" name="validateTitle" time="0.013"/>
  <testcase classname="com.practice.testCase.TC_01" name="validateDropdown" time="0.0">
    <ignored/>
  </testcase> <!-- validateDropdown -->
</testsuite> <!-- Test02 -->
