<?xml version="1.0" encoding="UTF-8"?>
<!-- Generated by org.testng.reporters.JUnitXMLReporter -->
<testsuite ignored="1" hostname="LAPTOP-P71QF4A9" failures="0" tests="7" name="Test01" time="1.465" errors="0" timestamp="13 Nov 2021 05:13:42 GMT">
  <testcase classname="com.practice.testCase.TC_01" name="@BeforeClass launch" time="1.402">
    <failure type="java.lang.NullPointerException" message="null value in entry: url=null">
      <![CDATA[java.lang.NullPointerException: null value in entry: url=null
at com.google.common.collect.CollectPreconditions.checkEntryNotNull(CollectPreconditions.java:32)
at com.google.common.collect.SingletonImmutableBiMap.<init>(SingletonImmutableBiMap.java:42)
at com.google.common.collect.ImmutableBiMap.of(ImmutableBiMap.java:72)
at com.google.common.collect.ImmutableMap.of(ImmutableMap.java:124)
at org.openqa.selenium.remote.RemoteWebDriver.get(RemoteWebDriver.java:277)
at com.practice.testCase.TC_01.launch(TC_01.java:24)
at java.base/java.util.concurrent.FutureTask.run(FutureTask.java:264)
at java.base/java.util.concurrent.ThreadPoolExecutor.runWorker(ThreadPoolExecutor.java:1136)
at java.base/java.util.concurrent.ThreadPoolExecutor$Worker.run(ThreadPoolExecutor.java:635)
at java.base/java.lang.Thread.run(Thread.java:833)
... Removed 17 stack frames]]>
    </failure>
  </testcase> <!-- @BeforeClass launch -->
  <testcase classname="com.practice.testCase.TC_01" name="@AfterClass end" time="0.0">
    <skipped/>
  </testcase> <!-- @AfterClass end -->
  <testcase classname="com.practice.testCase.TC_01" name="validateRadioButtonStatus" time="0.0">
    <skipped/>
  </testcase> <!-- validateRadioButtonStatus -->
  <testcase classname="com.practice.testCase.TC_01" name="validateCheckBox" time="0.0">
    <skipped/>
  </testcase> <!-- validateCheckBox -->
  <testcase classname="com.practice.testCase.TC_01" name="validateHeader" time="0.0">
    <skipped/>
  </testcase> <!-- validateHeader -->
  <testcase classname="com.practice.testCase.TC_01" name="validateRadioButton" time="0.0">
    <skipped/>
  </testcase> <!-- validateRadioButton -->
  <testcase classname="com.practice.testCase.TC_01" name="validateRadioFieldset" time="0.0">
    <skipped/>
  </testcase> <!-- validateRadioFieldset -->
  <testcase classname="com.practice.testCase.TC_01" name="validateStaticDropdown" time="0.0">
    <skipped/>
  </testcase> <!-- validateStaticDropdown -->
  <testcase classname="com.practice.testCase.TC_01" name="validateTitle" time="0.0">
    <skipped/>
  </testcase> <!-- validateTitle -->
  <testcase classname="com.practice.testCase.TC_01" name="validateDropdown" time="0.0">
    <ignored/>
  </testcase> <!-- validateDropdown -->
</testsuite> <!-- Test01 -->
