<?xml version="1.0" encoding="UTF-8"?>
<testng-results ignored="5" total="55" passed="50" failed="0" skipped="0">
  <reporter-output>
  </reporter-output>
  <suite started-at="2021-11-13T05:37:52Z" name="Suite" finished-at="2021-11-13T05:38:53Z" duration-ms="60713">
    <groups>
    </groups>
    <test started-at="2021-11-13T05:37:52Z" name="Test1" finished-at="2021-11-13T05:38:51Z" duration-ms="58834">
      <class name="com.practice.testCase.TC_02">
        <test-method is-config="true" signature="launch()[pri:0, instance:com.practice.testCase.TC_02@7b8b43c7]" started-at="2021-11-13T05:38:06Z" name="launch" finished-at="2021-11-13T05:38:27Z" duration-ms="20754" status="PASS">
          <reporter-output>
          </reporter-output>
        </test-method> <!-- launch -->
        <test-method signature="validateAlert()[pri:0, instance:com.practice.testCase.TC_02@7b8b43c7]" started-at="2021-11-13T05:38:27Z" name="validateAlert" finished-at="2021-11-13T05:38:29Z" duration-ms="2512" status="PASS">
          <reporter-output>
          </reporter-output>
        </test-method> <!-- validateAlert -->
        <test-method signature="validateTab()[pri:0, instance:com.practice.testCase.TC_02@7b8b43c7]" started-at="2021-11-13T05:38:29Z" name="validateTab" finished-at="2021-11-13T05:38:40Z" duration-ms="10362" status="PASS">
          <reporter-output>
          </reporter-output>
        </test-method> <!-- validateTab -->
        <test-method signature="validateWindow()[pri:0, instance:com.practice.testCase.TC_02@7b8b43c7]" started-at="2021-11-13T05:38:40Z" name="validateWindow" finished-at="2021-11-13T05:38:48Z" duration-ms="8050" status="PASS">
          <reporter-output>
          </reporter-output>
        </test-method> <!-- validateWindow -->
        <test-method is-config="true" signature="end()[pri:0, instance:com.practice.testCase.TC_02@7b8b43c7]" started-at="2021-11-13T05:38:48Z" name="end" finished-at="2021-11-13T05:38:49Z" duration-ms="1239" status="PASS">
          <reporter-output>
          </reporter-output>
        </test-method> <!-- end -->
      </class> <!-- com.practice.testCase.TC_02 -->
      <class name="com.practice.testCase.TC_01">
        <test-method is-config="true" signature="launch()[pri:0, instance:com.practice.testCase.TC_01@7aaca91a]" started-at="2021-11-13T05:37:52Z" name="launch" finished-at="2021-11-13T05:38:06Z" duration-ms="13180" status="PASS">
          <reporter-output>
          </reporter-output>
        </test-method> <!-- launch -->
        <test-method signature="validateRadioButtonStatus()[pri:-1, instance:com.practice.testCase.TC_01@7aaca91a]" started-at="2021-11-13T05:38:06Z" name="validateRadioButtonStatus" finished-at="2021-11-13T05:38:06Z" duration-ms="459" status="PASS">
          <reporter-output>
          </reporter-output>
        </test-method> <!-- validateRadioButtonStatus -->
        <test-method signature="validateCheckBox()[pri:0, instance:com.practice.testCase.TC_01@7aaca91a]" started-at="2021-11-13T05:38:49Z" name="validateCheckBox" finished-at="2021-11-13T05:38:50Z" duration-ms="556" status="PASS">
          <reporter-output>
          </reporter-output>
        </test-method> <!-- validateCheckBox -->
        <test-method signature="validateHeader()[pri:0, instance:com.practice.testCase.TC_01@7aaca91a]" started-at="2021-11-13T05:38:50Z" name="validateHeader" finished-at="2021-11-13T05:38:50Z" duration-ms="54" status="PASS">
          <reporter-output>
          </reporter-output>
        </test-method> <!-- validateHeader -->
        <test-method signature="validateRadioButton()[pri:0, instance:com.practice.testCase.TC_01@7aaca91a]" started-at="2021-11-13T05:38:50Z" name="validateRadioButton" finished-at="2021-11-13T05:38:50Z" duration-ms="478" status="PASS">
          <reporter-output>
          </reporter-output>
        </test-method> <!-- validateRadioButton -->
        <test-method signature="validateRadioFieldset()[pri:0, instance:com.practice.testCase.TC_01@7aaca91a]" started-at="2021-11-13T05:38:50Z" name="validateRadioFieldset" finished-at="2021-11-13T05:38:50Z" duration-ms="85" status="PASS">
          <reporter-output>
          </reporter-output>
        </test-method> <!-- validateRadioFieldset -->
        <test-method signature="validateStaticDropdown()[pri:0, instance:com.practice.testCase.TC_01@7aaca91a]" started-at="2021-11-13T05:38:50Z" name="validateStaticDropdown" finished-at="2021-11-13T05:38:51Z" duration-ms="443" status="PASS">
          <reporter-output>
          </reporter-output>
        </test-method> <!-- validateStaticDropdown -->
        <test-method signature="validateTitle()[pri:0, instance:com.practice.testCase.TC_01@7aaca91a]" started-at="2021-11-13T05:38:51Z" name="validateTitle" finished-at="2021-11-13T05:38:51Z" duration-ms="18" status="PASS">
          <reporter-output>
          </reporter-output>
        </test-method> <!-- validateTitle -->
        <test-method is-config="true" signature="end()[pri:0, instance:com.practice.testCase.TC_01@7aaca91a]" started-at="2021-11-13T05:38:51Z" name="end" finished-at="2021-11-13T05:38:51Z" duration-ms="612" status="PASS">
          <reporter-output>
          </reporter-output>
        </test-method> <!-- end -->
      </class> <!-- com.practice.testCase.TC_01 -->
    </test> <!-- Test1 -->
    <test started-at="2021-11-13T05:37:52Z" name="Test2" finished-at="2021-11-13T05:38:51Z" duration-ms="58799">
      <class name="com.practice.testCase.TC_02">
        <test-method is-config="true" signature="launch()[pri:0, instance:com.practice.testCase.TC_02@14bee915]" started-at="2021-11-13T05:38:08Z" name="launch" finished-at="2021-11-13T05:38:27Z" duration-ms="18971" status="PASS">
          <reporter-output>
          </reporter-output>
        </test-method> <!-- launch -->
        <test-method signature="validateAlert()[pri:0, instance:com.practice.testCase.TC_02@14bee915]" started-at="2021-11-13T05:38:27Z" name="validateAlert" finished-at="2021-11-13T05:38:30Z" duration-ms="2616" status="PASS">
          <reporter-output>
          </reporter-output>
        </test-method> <!-- validateAlert -->
        <test-method signature="validateTab()[pri:0, instance:com.practice.testCase.TC_02@14bee915]" started-at="2021-11-13T05:38:30Z" name="validateTab" finished-at="2021-11-13T05:38:39Z" duration-ms="9325" status="PASS">
          <reporter-output>
          </reporter-output>
        </test-method> <!-- validateTab -->
        <test-method signature="validateWindow()[pri:0, instance:com.practice.testCase.TC_02@14bee915]" started-at="2021-11-13T05:38:39Z" name="validateWindow" finished-at="2021-11-13T05:38:47Z" duration-ms="7695" status="PASS">
          <reporter-output>
          </reporter-output>
        </test-method> <!-- validateWindow -->
        <test-method is-config="true" signature="end()[pri:0, instance:com.practice.testCase.TC_02@14bee915]" started-at="2021-11-13T05:38:47Z" name="end" finished-at="2021-11-13T05:38:49Z" duration-ms="1955" status="PASS">
          <reporter-output>
          </reporter-output>
        </test-method> <!-- end -->
      </class> <!-- com.practice.testCase.TC_02 -->
      <class name="com.practice.testCase.TC_01">
        <test-method is-config="true" signature="launch()[pri:0, instance:com.practice.testCase.TC_01@1115ec15]" started-at="2021-11-13T05:37:52Z" name="launch" finished-at="2021-11-13T05:38:07Z" duration-ms="14529" status="PASS">
          <reporter-output>
          </reporter-output>
        </test-method> <!-- launch -->
        <test-method signature="validateRadioButtonStatus()[pri:-1, instance:com.practice.testCase.TC_01@1115ec15]" started-at="2021-11-13T05:38:07Z" name="validateRadioButtonStatus" finished-at="2021-11-13T05:38:08Z" duration-ms="1478" status="PASS">
          <reporter-output>
          </reporter-output>
        </test-method> <!-- validateRadioButtonStatus -->
        <test-method signature="validateCheckBox()[pri:0, instance:com.practice.testCase.TC_01@1115ec15]" started-at="2021-11-13T05:38:49Z" name="validateCheckBox" finished-at="2021-11-13T05:38:50Z" duration-ms="535" status="PASS">
          <reporter-output>
          </reporter-output>
        </test-method> <!-- validateCheckBox -->
        <test-method signature="validateHeader()[pri:0, instance:com.practice.testCase.TC_01@1115ec15]" started-at="2021-11-13T05:38:50Z" name="validateHeader" finished-at="2021-11-13T05:38:50Z" duration-ms="55" status="PASS">
          <reporter-output>
          </reporter-output>
        </test-method> <!-- validateHeader -->
        <test-method signature="validateRadioButton()[pri:0, instance:com.practice.testCase.TC_01@1115ec15]" started-at="2021-11-13T05:38:50Z" name="validateRadioButton" finished-at="2021-11-13T05:38:50Z" duration-ms="474" status="PASS">
          <reporter-output>
          </reporter-output>
        </test-method> <!-- validateRadioButton -->
        <test-method signature="validateRadioFieldset()[pri:0, instance:com.practice.testCase.TC_01@1115ec15]" started-at="2021-11-13T05:38:50Z" name="validateRadioFieldset" finished-at="2021-11-13T05:38:50Z" duration-ms="84" status="PASS">
          <reporter-output>
          </reporter-output>
        </test-method> <!-- validateRadioFieldset -->
        <test-method signature="validateStaticDropdown()[pri:0, instance:com.practice.testCase.TC_01@1115ec15]" started-at="2021-11-13T05:38:50Z" name="validateStaticDropdown" finished-at="2021-11-13T05:38:51Z" duration-ms="431" status="PASS">
          <reporter-output>
          </reporter-output>
        </test-method> <!-- validateStaticDropdown -->
        <test-method signature="validateTitle()[pri:0, instance:com.practice.testCase.TC_01@1115ec15]" started-at="2021-11-13T05:38:51Z" name="validateTitle" finished-at="2021-11-13T05:38:51Z" duration-ms="17" status="PASS">
          <reporter-output>
          </reporter-output>
        </test-method> <!-- validateTitle -->
        <test-method is-config="true" signature="end()[pri:0, instance:com.practice.testCase.TC_01@1115ec15]" started-at="2021-11-13T05:38:51Z" name="end" finished-at="2021-11-13T05:38:51Z" duration-ms="595" status="PASS">
          <reporter-output>
          </reporter-output>
        </test-method> <!-- end -->
      </class> <!-- com.practice.testCase.TC_01 -->
    </test> <!-- Test2 -->
    <test started-at="2021-11-13T05:37:52Z" name="Test5" finished-at="2021-11-13T05:38:52Z" duration-ms="59629">
      <class name="com.practice.testCase.TC_02">
        <test-method is-config="true" signature="launch()[pri:0, instance:com.practice.testCase.TC_02@4ebff610]" started-at="2021-11-13T05:38:06Z" name="launch" finished-at="2021-11-13T05:38:22Z" duration-ms="16646" status="PASS">
          <reporter-output>
          </reporter-output>
        </test-method> <!-- launch -->
        <test-method signature="validateAlert()[pri:0, instance:com.practice.testCase.TC_02@4ebff610]" started-at="2021-11-13T05:38:22Z" name="validateAlert" finished-at="2021-11-13T05:38:23Z" duration-ms="1008" status="PASS">
          <reporter-output>
          </reporter-output>
        </test-method> <!-- validateAlert -->
        <test-method signature="validateTab()[pri:0, instance:com.practice.testCase.TC_02@4ebff610]" started-at="2021-11-13T05:38:23Z" name="validateTab" finished-at="2021-11-13T05:38:30Z" duration-ms="7008" status="PASS">
          <reporter-output>
          </reporter-output>
        </test-method> <!-- validateTab -->
        <test-method signature="validateWindow()[pri:0, instance:com.practice.testCase.TC_02@4ebff610]" started-at="2021-11-13T05:38:30Z" name="validateWindow" finished-at="2021-11-13T05:38:50Z" duration-ms="19645" status="PASS">
          <reporter-output>
          </reporter-output>
        </test-method> <!-- validateWindow -->
        <test-method is-config="true" signature="end()[pri:0, instance:com.practice.testCase.TC_02@4ebff610]" started-at="2021-11-13T05:38:50Z" name="end" finished-at="2021-11-13T05:38:51Z" duration-ms="693" status="PASS">
          <reporter-output>
          </reporter-output>
        </test-method> <!-- end -->
      </class> <!-- com.practice.testCase.TC_02 -->
      <class name="com.practice.testCase.TC_01">
        <test-method is-config="true" signature="launch()[pri:0, instance:com.practice.testCase.TC_01@60410cd]" started-at="2021-11-13T05:37:52Z" name="launch" finished-at="2021-11-13T05:38:05Z" duration-ms="12980" status="PASS">
          <reporter-output>
          </reporter-output>
        </test-method> <!-- launch -->
        <test-method signature="validateRadioButtonStatus()[pri:-1, instance:com.practice.testCase.TC_01@60410cd]" started-at="2021-11-13T05:38:05Z" name="validateRadioButtonStatus" finished-at="2021-11-13T05:38:06Z" duration-ms="381" status="PASS">
          <reporter-output>
          </reporter-output>
        </test-method> <!-- validateRadioButtonStatus -->
        <test-method signature="validateCheckBox()[pri:0, instance:com.practice.testCase.TC_01@60410cd]" started-at="2021-11-13T05:38:51Z" name="validateCheckBox" finished-at="2021-11-13T05:38:51Z" duration-ms="417" status="PASS">
          <reporter-output>
          </reporter-output>
        </test-method> <!-- validateCheckBox -->
        <test-method signature="validateHeader()[pri:0, instance:com.practice.testCase.TC_01@60410cd]" started-at="2021-11-13T05:38:51Z" name="validateHeader" finished-at="2021-11-13T05:38:51Z" duration-ms="39" status="PASS">
          <reporter-output>
          </reporter-output>
        </test-method> <!-- validateHeader -->
        <test-method signature="validateRadioButton()[pri:0, instance:com.practice.testCase.TC_01@60410cd]" started-at="2021-11-13T05:38:51Z" name="validateRadioButton" finished-at="2021-11-13T05:38:52Z" duration-ms="253" status="PASS">
          <reporter-output>
          </reporter-output>
        </test-method> <!-- validateRadioButton -->
        <test-method signature="validateRadioFieldset()[pri:0, instance:com.practice.testCase.TC_01@60410cd]" started-at="2021-11-13T05:38:52Z" name="validateRadioFieldset" finished-at="2021-11-13T05:38:52Z" duration-ms="33" status="PASS">
          <reporter-output>
          </reporter-output>
        </test-method> <!-- validateRadioFieldset -->
        <test-method signature="validateStaticDropdown()[pri:0, instance:com.practice.testCase.TC_01@60410cd]" started-at="2021-11-13T05:38:52Z" name="validateStaticDropdown" finished-at="2021-11-13T05:38:52Z" duration-ms="200" status="PASS">
          <reporter-output>
          </reporter-output>
        </test-method> <!-- validateStaticDropdown -->
        <test-method signature="validateTitle()[pri:0, instance:com.practice.testCase.TC_01@60410cd]" started-at="2021-11-13T05:38:52Z" name="validateTitle" finished-at="2021-11-13T05:38:52Z" duration-ms="4" status="PASS">
          <reporter-output>
          </reporter-output>
        </test-method> <!-- validateTitle -->
        <test-method is-config="true" signature="end()[pri:0, instance:com.practice.testCase.TC_01@60410cd]" started-at="2021-11-13T05:38:52Z" name="end" finished-at="2021-11-13T05:38:52Z" duration-ms="279" status="PASS">
          <reporter-output>
          </reporter-output>
        </test-method> <!-- end -->
      </class> <!-- com.practice.testCase.TC_01 -->
    </test> <!-- Test5 -->
    <test started-at="2021-11-13T05:37:52Z" name="Test3" finished-at="2021-11-13T05:38:52Z" duration-ms="59858">
      <class name="com.practice.testCase.TC_02">
        <test-method is-config="true" signature="launch()[pri:0, instance:com.practice.testCase.TC_02@37e4d7bb]" started-at="2021-11-13T05:38:10Z" name="launch" finished-at="2021-11-13T05:38:34Z" duration-ms="23339" status="PASS">
          <reporter-output>
          </reporter-output>
        </test-method> <!-- launch -->
        <test-method signature="validateAlert()[pri:0, instance:com.practice.testCase.TC_02@37e4d7bb]" started-at="2021-11-13T05:38:34Z" name="validateAlert" finished-at="2021-11-13T05:38:37Z" duration-ms="3357" status="PASS">
          <reporter-output>
          </reporter-output>
        </test-method> <!-- validateAlert -->
        <test-method signature="validateTab()[pri:0, instance:com.practice.testCase.TC_02@37e4d7bb]" started-at="2021-11-13T05:38:37Z" name="validateTab" finished-at="2021-11-13T05:38:44Z" duration-ms="7295" status="PASS">
          <reporter-output>
          </reporter-output>
        </test-method> <!-- validateTab -->
        <test-method signature="validateWindow()[pri:0, instance:com.practice.testCase.TC_02@37e4d7bb]" started-at="2021-11-13T05:38:44Z" name="validateWindow" finished-at="2021-11-13T05:38:51Z" duration-ms="6440" status="PASS">
          <reporter-output>
          </reporter-output>
        </test-method> <!-- validateWindow -->
        <test-method is-config="true" signature="end()[pri:0, instance:com.practice.testCase.TC_02@37e4d7bb]" started-at="2021-11-13T05:38:51Z" name="end" finished-at="2021-11-13T05:38:51Z" duration-ms="423" status="PASS">
          <reporter-output>
          </reporter-output>
        </test-method> <!-- end -->
      </class> <!-- com.practice.testCase.TC_02 -->
      <class name="com.practice.testCase.TC_01">
        <test-method is-config="true" signature="launch()[pri:0, instance:com.practice.testCase.TC_01@6f7923a5]" started-at="2021-11-13T05:37:52Z" name="launch" finished-at="2021-11-13T05:38:06Z" duration-ms="13437" status="PASS">
          <reporter-output>
          </reporter-output>
        </test-method> <!-- launch -->
        <test-method signature="validateRadioButtonStatus()[pri:-1, instance:com.practice.testCase.TC_01@6f7923a5]" started-at="2021-11-13T05:38:06Z" name="validateRadioButtonStatus" finished-at="2021-11-13T05:38:10Z" duration-ms="4455" status="PASS">
          <reporter-output>
          </reporter-output>
        </test-method> <!-- validateRadioButtonStatus -->
        <test-method signature="validateCheckBox()[pri:0, instance:com.practice.testCase.TC_01@6f7923a5]" started-at="2021-11-13T05:38:51Z" name="validateCheckBox" finished-at="2021-11-13T05:38:52Z" duration-ms="318" status="PASS">
          <reporter-output>
          </reporter-output>
        </test-method> <!-- validateCheckBox -->
        <test-method signature="validateHeader()[pri:0, instance:com.practice.testCase.TC_01@6f7923a5]" started-at="2021-11-13T05:38:52Z" name="validateHeader" finished-at="2021-11-13T05:38:52Z" duration-ms="37" status="PASS">
          <reporter-output>
          </reporter-output>
        </test-method> <!-- validateHeader -->
        <test-method signature="validateRadioButton()[pri:0, instance:com.practice.testCase.TC_01@6f7923a5]" started-at="2021-11-13T05:38:52Z" name="validateRadioButton" finished-at="2021-11-13T05:38:52Z" duration-ms="244" status="PASS">
          <reporter-output>
          </reporter-output>
        </test-method> <!-- validateRadioButton -->
        <test-method signature="validateRadioFieldset()[pri:0, instance:com.practice.testCase.TC_01@6f7923a5]" started-at="2021-11-13T05:38:52Z" name="validateRadioFieldset" finished-at="2021-11-13T05:38:52Z" duration-ms="49" status="PASS">
          <reporter-output>
          </reporter-output>
        </test-method> <!-- validateRadioFieldset -->
        <test-method signature="validateStaticDropdown()[pri:0, instance:com.practice.testCase.TC_01@6f7923a5]" started-at="2021-11-13T05:38:52Z" name="validateStaticDropdown" finished-at="2021-11-13T05:38:52Z" duration-ms="231" status="PASS">
          <reporter-output>
          </reporter-output>
        </test-method> <!-- validateStaticDropdown -->
        <test-method signature="validateTitle()[pri:0, instance:com.practice.testCase.TC_01@6f7923a5]" started-at="2021-11-13T05:38:52Z" name="validateTitle" finished-at="2021-11-13T05:38:52Z" duration-ms="6" status="PASS">
          <reporter-output>
          </reporter-output>
        </test-method> <!-- validateTitle -->
        <test-method is-config="true" signature="end()[pri:0, instance:com.practice.testCase.TC_01@6f7923a5]" started-at="2021-11-13T05:38:52Z" name="end" finished-at="2021-11-13T05:38:52Z" duration-ms="202" status="PASS">
          <reporter-output>
          </reporter-output>
        </test-method> <!-- end -->
      </class> <!-- com.practice.testCase.TC_01 -->
    </test> <!-- Test3 -->
    <test started-at="2021-11-13T05:37:52Z" name="Test4" finished-at="2021-11-13T05:38:53Z" duration-ms="60712">
      <class name="com.practice.testCase.TC_02">
        <test-method is-config="true" signature="launch()[pri:0, instance:com.practice.testCase.TC_02@73302995]" started-at="2021-11-13T05:38:08Z" name="launch" finished-at="2021-11-13T05:38:33Z" duration-ms="24299" status="PASS">
          <reporter-output>
          </reporter-output>
        </test-method> <!-- launch -->
        <test-method signature="validateAlert()[pri:0, instance:com.practice.testCase.TC_02@73302995]" started-at="2021-11-13T05:38:33Z" name="validateAlert" finished-at="2021-11-13T05:38:35Z" duration-ms="2742" status="PASS">
          <reporter-output>
          </reporter-output>
        </test-method> <!-- validateAlert -->
        <test-method signature="validateTab()[pri:0, instance:com.practice.testCase.TC_02@73302995]" started-at="2021-11-13T05:38:35Z" name="validateTab" finished-at="2021-11-13T05:38:45Z" duration-ms="9437" status="PASS">
          <reporter-output>
          </reporter-output>
        </test-method> <!-- validateTab -->
        <test-method signature="validateWindow()[pri:0, instance:com.practice.testCase.TC_02@73302995]" started-at="2021-11-13T05:38:45Z" name="validateWindow" finished-at="2021-11-13T05:38:52Z" duration-ms="6978" status="PASS">
          <reporter-output>
          </reporter-output>
        </test-method> <!-- validateWindow -->
        <test-method is-config="true" signature="end()[pri:0, instance:com.practice.testCase.TC_02@73302995]" started-at="2021-11-13T05:38:52Z" name="end" finished-at="2021-11-13T05:38:52Z" duration-ms="284" status="PASS">
          <reporter-output>
          </reporter-output>
        </test-method> <!-- end -->
      </class> <!-- com.practice.testCase.TC_02 -->
      <class name="com.practice.testCase.TC_01">
        <test-method is-config="true" signature="launch()[pri:0, instance:com.practice.testCase.TC_01@1838ccb8]" started-at="2021-11-13T05:37:52Z" name="launch" finished-at="2021-11-13T05:38:07Z" duration-ms="15012" status="PASS">
          <reporter-output>
          </reporter-output>
        </test-method> <!-- launch -->
        <test-method signature="validateRadioButtonStatus()[pri:-1, instance:com.practice.testCase.TC_01@1838ccb8]" started-at="2021-11-13T05:38:07Z" name="validateRadioButtonStatus" finished-at="2021-11-13T05:38:08Z" duration-ms="979" status="PASS">
          <reporter-output>
          </reporter-output>
        </test-method> <!-- validateRadioButtonStatus -->
        <test-method signature="validateCheckBox()[pri:0, instance:com.practice.testCase.TC_01@1838ccb8]" started-at="2021-11-13T05:38:52Z" name="validateCheckBox" finished-at="2021-11-13T05:38:52Z" duration-ms="216" status="PASS">
          <reporter-output>
          </reporter-output>
        </test-method> <!-- validateCheckBox -->
        <test-method signature="validateHeader()[pri:0, instance:com.practice.testCase.TC_01@1838ccb8]" started-at="2021-11-13T05:38:52Z" name="validateHeader" finished-at="2021-11-13T05:38:52Z" duration-ms="29" status="PASS">
          <reporter-output>
          </reporter-output>
        </test-method> <!-- validateHeader -->
        <test-method signature="validateRadioButton()[pri:0, instance:com.practice.testCase.TC_01@1838ccb8]" started-at="2021-11-13T05:38:52Z" name="validateRadioButton" finished-at="2021-11-13T05:38:53Z" duration-ms="198" status="PASS">
          <reporter-output>
          </reporter-output>
        </test-method> <!-- validateRadioButton -->
        <test-method signature="validateRadioFieldset()[pri:0, instance:com.practice.testCase.TC_01@1838ccb8]" started-at="2021-11-13T05:38:53Z" name="validateRadioFieldset" finished-at="2021-11-13T05:38:53Z" duration-ms="51" status="PASS">
          <reporter-output>
          </reporter-output>
        </test-method> <!-- validateRadioFieldset -->
        <test-method signature="validateStaticDropdown()[pri:0, instance:com.practice.testCase.TC_01@1838ccb8]" started-at="2021-11-13T05:38:53Z" name="validateStaticDropdown" finished-at="2021-11-13T05:38:53Z" duration-ms="201" status="PASS">
          <reporter-output>
          </reporter-output>
        </test-method> <!-- validateStaticDropdown -->
        <test-method signature="validateTitle()[pri:0, instance:com.practice.testCase.TC_01@1838ccb8]" started-at="2021-11-13T05:38:53Z" name="validateTitle" finished-at="2021-11-13T05:38:53Z" duration-ms="7" status="PASS">
          <reporter-output>
          </reporter-output>
        </test-method> <!-- validateTitle -->
        <test-method is-config="true" signature="end()[pri:0, instance:com.practice.testCase.TC_01@1838ccb8]" started-at="2021-11-13T05:38:53Z" name="end" finished-at="2021-11-13T05:38:53Z" duration-ms="242" status="PASS">
          <reporter-output>
          </reporter-output>
        </test-method> <!-- end -->
      </class> <!-- com.practice.testCase.TC_01 -->
    </test> <!-- Test4 -->
  </suite> <!-- Suite -->
</testng-results>
